-----------------HBPLus Output nº1-----------------
Exit code: 0
Output of running [hbplus, /home/andreas/JavaProjects/PDIdbAnalyzer/testdata/1bl0_1_1.ent] is:
null

Stderr of running [hbplus, /home/andreas/JavaProjects/PDIdbAnalyzer/testdata/1bl0_1_1.ent] is:
null

---------------------------------------------------------
-----------------HBPLus Output nº1-----------------
Exit code: 0
Output of running [hbplus, /home/andreas/JavaProjects/PDIdbAnalyzer/testdata/1bl0_1_1.ent] is:
null

Stderr of running [hbplus, /home/andreas/JavaProjects/PDIdbAnalyzer/testdata/1bl0_1_1.ent] is:
null

---------------------------------------------------------
-----------------HBPLus Output nº1-----------------
Exit code: 0
Output of running [hbplus, /home/andreas/JavaProjects/PDIdbAnalyzer/testdata/smalltest.pdb] is:
null

Stderr of running [hbplus, /home/andreas/JavaProjects/PDIdbAnalyzer/testdata/smalltest.pdb] is:
null

---------------------------------------------------------
-----------------HBPLus Output nº1-----------------
Exit code: 0
Output of running [hbplus, /home/andreas/JavaProjects/PDIdbAnalyzer/testdata/smalltest.pdb] is:
null

Stderr of running [hbplus, /home/andreas/JavaProjects/PDIdbAnalyzer/testdata/smalltest.pdb] is:
null

---------------------------------------------------------
-----------------HBPLus Output nº1-----------------
Exit code: 0
Output of running [hbplus, /home/andreas/JavaProjects/PDIdbAnalyzer/testdata/smalltest.pdb] is:
null

Stderr of running [hbplus, /home/andreas/JavaProjects/PDIdbAnalyzer/testdata/smalltest.pdb] is:
null

---------------------------------------------------------
-----------------HBPLus Output nº1-----------------
Exit code: 0
Output of running [hbplus, /home/andreas/JavaProjects/PDIdbAnalyzer/testdata/smalltest.pdb] is:
null

Stderr of running [hbplus, /home/andreas/JavaProjects/PDIdbAnalyzer/testdata/smalltest.pdb] is:
null

---------------------------------------------------------
-----------------HBPLus Output nº1-----------------
Exit code: 0
Output of running [hbplus, /home/andreas/JavaProjects/PDIdbAnalyzer/testdata/1bl0_1_1.ent] is:
null

Stderr of running [hbplus, /home/andreas/JavaProjects/PDIdbAnalyzer/testdata/1bl0_1_1.ent] is:
null

---------------------------------------------------------
-----------------HBPLus Output nº1-----------------
Exit code: 0
Output of running [hbplus, /home/andreas/JavaProjects/PDIdbAnalyzer/testdata/1bl0_1_1.ent] is:
null

Stderr of running [hbplus, /home/andreas/JavaProjects/PDIdbAnalyzer/testdata/1bl0_1_1.ent] is:
null

---------------------------------------------------------
-----------------HBPLus Output nº1-----------------
Exit code: 0
Output of running [hbplus, /home/andreas/JavaProjects/PDIdbAnalyzer/testdata/1bl0_1_1.ent] is:
null

Stderr of running [hbplus, /home/andreas/JavaProjects/PDIdbAnalyzer/testdata/1bl0_1_1.ent] is:
null

---------------------------------------------------------
-----------------HBPLus Output nº1-----------------
Exit code: 0
Output of running [hbplus, /home/andreas/JavaProjects/PDIdbAnalyzer/testdata/1bl0_1_1.ent] is:
null

Stderr of running [hbplus, /home/andreas/JavaProjects/PDIdbAnalyzer/testdata/1bl0_1_1.ent] is:
null

---------------------------------------------------------
-----------------HBPLus Output nº1-----------------
Exit code: 0
Output of running [hbplus, /home/andreas/JavaProjects/PDIdbAnalyzer/testdata/1bl0_1_1.ent] is:
null

Stderr of running [hbplus, /home/andreas/JavaProjects/PDIdbAnalyzer/testdata/1bl0_1_1.ent] is:
null

---------------------------------------------------------
-----------------HBPLus Output nº1-----------------
Exit code: 0
Output of running [hbplus, /home/andreas/JavaProjects/PDIdbAnalyzer/testdata/1bl0_1_1.ent] is:
null

Stderr of running [hbplus, /home/andreas/JavaProjects/PDIdbAnalyzer/testdata/1bl0_1_1.ent] is:
null

---------------------------------------------------------
-----------------HBPLus Output nº1-----------------
Exit code: 0
Output of running [hbplus, /home/andreas/JavaProjects/PDIdbAnalyzer/testdata/1bl0_1_1.ent] is:
null

Stderr of running [hbplus, /home/andreas/JavaProjects/PDIdbAnalyzer/testdata/1bl0_1_1.ent] is:
null

---------------------------------------------------------
